#
# There is insufficient memory for the Java Runtime Environment to continue.
# Native memory allocation (mmap) failed to map 266338304 bytes for G1 virtual space
# Possible reasons:
#   The system is out of physical RAM or swap space
#   The process is running with CompressedOops enabled, and the Java Heap may be blocking the growth of the native heap
# Possible solutions:
#   Reduce memory load on the system
#   Increase physical memory or swap space
#   Check if swap backing store is full
#   Decrease Java heap size (-Xmx/-Xms)
#   Decrease number of Java threads
#   Decrease Java thread stack sizes (-Xss)
#   Set larger code cache with -XX:ReservedCodeCacheSize=
#   JVM is running with Zero Based Compressed Oops mode in which the Java heap is
#     placed in the first 32GB address space. The Java Heap base address is the
#     maximum limit for the native heap growth. Please use -XX:HeapBaseMinAddress
#     to set the Java Heap base and to place the Java Heap above 32GB virtual address.
# This output file may be truncated or incomplete.
#
#  Out of Memory Error (os_windows.cpp:3559), pid=29116, tid=13520
#
# JRE version:  (17.0.7+7) (build )
# Java VM: OpenJDK 64-Bit Server VM (17.0.7+7, mixed mode, sharing, tiered, compressed oops, compressed class ptrs, g1 gc, windows-amd64)
# No core dump will be written. Minidumps are not enabled by default on client versions of Windows
#

---------------  S U M M A R Y ------------

Command Line: -Dfile.encoding=UTF-8 -XX:+ShowCodeDetailsInExceptionMessages com.systemj.SystemJRunner sysj/plant.xml

Host: Intel(R) Core(TM) i7-8750H CPU @ 2.20GHz, 12 cores, 15G,  Windows 10 , 64 bit Build 19041 (10.0.19041.3155)
Time: Thu Aug 24 01:36:02 2023 New Zealand Standard Time elapsed time: 0.012392 seconds (0d 0h 0m 0s)

---------------  T H R E A D  ---------------

Current thread (0x00000161bfbdb790):  JavaThread "Unknown thread" [_thread_in_vm, id=13520, stack(0x0000003b1de00000,0x0000003b1df00000)]

Stack: [0x0000003b1de00000,0x0000003b1df00000]
Native frames: (J=compiled Java code, j=interpreted, Vv=VM code, C=native code)
V  [jvm.dll+0x67754a]
V  [jvm.dll+0x834304]
V  [jvm.dll+0x835aae]
V  [jvm.dll+0x836113]
V  [jvm.dll+0x24696f]
V  [jvm.dll+0x6743f9]
V  [jvm.dll+0x668c8a]
V  [jvm.dll+0x3061bb]
V  [jvm.dll+0x30d6a6]
V  [jvm.dll+0x35cece]
V  [jvm.dll+0x35d0ff]
V  [jvm.dll+0x2dd048]
V  [jvm.dll+0x2ddfb4]
V  [jvm.dll+0x8066d1]
V  [jvm.dll+0x36ac91]
V  [jvm.dll+0x7e5cec]
V  [jvm.dll+0x3ed56f]
V  [jvm.dll+0x3ef0a1]
C  [jli.dll+0x528b]
C  [ucrtbase.dll+0x21bb2]
C  [KERNEL32.DLL+0x17614]
C  [ntdll.dll+0x526b1]


---------------  P R O C E S S  ---------------

Threads class SMR info:
_java_thread_list=0x00007ffb7c847018, length=0, elements={
}

Java Threads: ( => current thread )

Other Threads:
  0x00000161c1d03c80 GCTaskThread "GC Thread#0" [stack: 0x0000003b1df00000,0x0000003b1e000000] [id=32188]
  0x00000161c1d14860 ConcurrentGCThread "G1 Main Marker" [stack: 0x0000003b1e000000,0x0000003b1e100000] [id=3152]
  0x00000161c1d15920 ConcurrentGCThread "G1 Conc#0" [stack: 0x0000003b1e100000,0x0000003b1e200000] [id=27080]

[error occurred during error reporting (printing all threads), id 0xc0000005, EXCEPTION_ACCESS_VIOLATION (0xc0000005) at pc=0x00007ffb7c01daf7]

VM state: not at safepoint (not fully initialized)

VM Mutex/Monitor currently owned by a thread:  ([mutex/lock_event])
[0x00000161bfbd82e0] Heap_lock - owner thread: 0x00000161bfbdb790

Heap address: 0x0000000702600000, size: 4058 MB, Compressed Oops mode: Zero based, Oop shift amount: 3

CDS archive(s) mapped at: [0x0000000000000000-0x0000000000000000-0x0000000000000000), size 0, SharedBaseAddress: 0x0000000800000000, ArchiveRelocationMode: 0.
Narrow klass base: 0x0000000000000000, Narrow klass shift: 0, Narrow klass range: 0x0

GC Precious Log:
<Empty>

Heap:
 garbage-first heap   total 0K, used 0K [0x0000000702600000, 0x0000000800000000)
  region size 2048K, 0 young (0K), 0 survivors (0K)

[error occurred during error reporting (printing heap information), id 0xc0000005, EXCEPTION_ACCESS_VIOLATION (0xc0000005) at pc=0x00007ffb7c400db9]

GC Heap History (0 events):
No events

Dll operation events (1 events):
Event: 0.007 Loaded shared library D:\uni\704\eclipse\plugins\org.eclipse.justj.openjdk.hotspot.jre.full.win32.x86_64_17.0.7.v20230425-1502\jre\bin\java.dll

Deoptimization events (0 events):
No events

Classes unloaded (0 events):
No events

Classes redefined (0 events):
No events

Internal exceptions (0 events):
No events

VM Operations (0 events):
No events

Events (0 events):
No events


Dynamic libraries:
0x00007ff7291b0000 - 0x00007ff7291be000 	D:\uni\704\eclipse\plugins\org.eclipse.justj.openjdk.hotspot.jre.full.win32.x86_64_17.0.7.v20230425-1502\jre\bin\javaw.exe
0x00007ffbcbcf0000 - 0x00007ffbcbee8000 	C:\WINDOWS\SYSTEM32\ntdll.dll
0x00007ffbcb3b0000 - 0x00007ffbcb46f000 	C:\WINDOWS\System32\KERNEL32.DLL
0x00007ffbc9650000 - 0x00007ffbc9946000 	C:\WINDOWS\System32\KERNELBASE.dll
0x00007ffbc9aa0000 - 0x00007ffbc9ba0000 	C:\WINDOWS\System32\ucrtbase.dll
0x00007ffbaa830000 - 0x00007ffbaa849000 	D:\uni\704\eclipse\plugins\org.eclipse.justj.openjdk.hotspot.jre.full.win32.x86_64_17.0.7.v20230425-1502\jre\bin\VCRUNTIME140.dll
0x00007ffbb1700000 - 0x00007ffbb1717000 	D:\uni\704\eclipse\plugins\org.eclipse.justj.openjdk.hotspot.jre.full.win32.x86_64_17.0.7.v20230425-1502\jre\bin\jli.dll
0x00007ffbca350000 - 0x00007ffbca4ed000 	C:\WINDOWS\System32\USER32.dll
0x00007ffbb9cf0000 - 0x00007ffbb9f8a000 	C:\WINDOWS\WinSxS\amd64_microsoft.windows.common-controls_6595b64144ccf1df_6.0.19041.1110_none_60b5254171f9507e\COMCTL32.dll
0x00007ffbc93d0000 - 0x00007ffbc93f2000 	C:\WINDOWS\System32\win32u.dll
0x00007ffbcb270000 - 0x00007ffbcb30e000 	C:\WINDOWS\System32\msvcrt.dll
0x00007ffbcb770000 - 0x00007ffbcb79c000 	C:\WINDOWS\System32\GDI32.dll
0x00007ffbc9950000 - 0x00007ffbc9a65000 	C:\WINDOWS\System32\gdi32full.dll
0x00007ffbc9500000 - 0x00007ffbc959d000 	C:\WINDOWS\System32\msvcp_win.dll
0x00007ffbcb320000 - 0x00007ffbcb350000 	C:\WINDOWS\System32\IMM32.DLL
0x00007ffbb5f20000 - 0x00007ffbb5f2c000 	D:\uni\704\eclipse\plugins\org.eclipse.justj.openjdk.hotspot.jre.full.win32.x86_64_17.0.7.v20230425-1502\jre\bin\vcruntime140_1.dll
0x00007ffb97bf0000 - 0x00007ffb97c81000 	D:\uni\704\eclipse\plugins\org.eclipse.justj.openjdk.hotspot.jre.full.win32.x86_64_17.0.7.v20230425-1502\jre\bin\msvcp140.dll
0x00007ffb7bd30000 - 0x00007ffb7c978000 	D:\uni\704\eclipse\plugins\org.eclipse.justj.openjdk.hotspot.jre.full.win32.x86_64_17.0.7.v20230425-1502\jre\bin\server\jvm.dll
0x00007ffbcbb20000 - 0x00007ffbcbbcf000 	C:\WINDOWS\System32\ADVAPI32.dll
0x00007ffbcae40000 - 0x00007ffbcaedc000 	C:\WINDOWS\System32\sechost.dll
0x00007ffbcaf90000 - 0x00007ffbcb0b6000 	C:\WINDOWS\System32\RPCRT4.dll
0x00007ffbb1130000 - 0x00007ffbb1139000 	C:\WINDOWS\SYSTEM32\WSOCK32.dll
0x00007ffbc2ad0000 - 0x00007ffbc2ada000 	C:\WINDOWS\SYSTEM32\VERSION.dll
0x00007ffbb5e70000 - 0x00007ffbb5e97000 	C:\WINDOWS\SYSTEM32\WINMM.dll
0x00007ffbcb600000 - 0x00007ffbcb66b000 	C:\WINDOWS\System32\WS2_32.dll
0x00007ffbc7c40000 - 0x00007ffbc7c52000 	C:\WINDOWS\SYSTEM32\kernel.appcore.dll
0x00007ffbc4a00000 - 0x00007ffbc4a0a000 	D:\uni\704\eclipse\plugins\org.eclipse.justj.openjdk.hotspot.jre.full.win32.x86_64_17.0.7.v20230425-1502\jre\bin\jimage.dll
0x00007ffbc7870000 - 0x00007ffbc7a54000 	C:\WINDOWS\SYSTEM32\DBGHELP.DLL
0x00007ffbadcd0000 - 0x00007ffbadd04000 	C:\WINDOWS\SYSTEM32\dbgcore.DLL
0x00007ffbc9470000 - 0x00007ffbc94f2000 	C:\WINDOWS\System32\bcryptPrimitives.dll
0x00007ffbb5f30000 - 0x00007ffbb5f55000 	D:\uni\704\eclipse\plugins\org.eclipse.justj.openjdk.hotspot.jre.full.win32.x86_64_17.0.7.v20230425-1502\jre\bin\java.dll

dbghelp: loaded successfully - version: 4.0.5 - missing functions: none
symbol engine: initialized successfully - sym options: 0x614 - pdb path: .;D:\uni\704\eclipse\plugins\org.eclipse.justj.openjdk.hotspot.jre.full.win32.x86_64_17.0.7.v20230425-1502\jre\bin;C:\WINDOWS\SYSTEM32;C:\WINDOWS\WinSxS\amd64_microsoft.windows.common-controls_6595b64144ccf1df_6.0.19041.1110_none_60b5254171f9507e;D:\uni\704\eclipse\plugins\org.eclipse.justj.openjdk.hotspot.jre.full.win32.x86_64_17.0.7.v20230425-1502\jre\bin\server

VM Arguments:
jvm_args: -Dfile.encoding=UTF-8 -XX:+ShowCodeDetailsInExceptionMessages 
java_command: com.systemj.SystemJRunner sysj/plant.xml
java_class_path (initial): D:\uni\704\Project github\704Babes\Project_1\COMPSYS704_Lab_3\bin;D:\uni\704\Project github\704Babes\Project_1\COMPSYS704_Lab_3\lib\asm-5.0.4.jar;D:\uni\704\Project github\704Babes\Project_1\COMPSYS704_Lab_3\lib\commons-cli-1.3.1.jar;D:\uni\704\Project github\704Babes\Project_1\COMPSYS704_Lab_3\lib\gson-2.8.1.jar;D:\uni\704\Project github\704Babes\Project_1\COMPSYS704_Lab_3\lib\hmpsoc-ac01f84-SNAPSHOT.jar;D:\uni\704\Project github\704Babes\Project_1\COMPSYS704_Lab_3\lib\jdom2-2.0.6.jar;D:\uni\704\Project github\704Babes\Project_1\COMPSYS704_Lab_3\lib\kotlin-reflect-1.3.72.jar;D:\uni\704\Project github\704Babes\Project_1\COMPSYS704_Lab_3\lib\kotlin-stdlib-1.3.72.jar;D:\uni\704\Project github\704Babes\Project_1\COMPSYS704_Lab_3\lib\kotlin-stdlib-common-1.3.72.jar;D:\uni\704\Project github\704Babes\Project_1\COMPSYS704_Lab_3\lib\kotlin-stdlib-jdk7-1.3.72.jar;D:\uni\704\Project github\704Babes\Project_1\COMPSYS704_Lab_3\lib\kotlin-stdlib-jdk8-1.3.72.jar;D:\uni\704\Project github\704Babes\Project_1\COMPSYS704_Lab_3\lib\sjc-2.2-13-g8ab684c-SNAPSHOT.jar;D:\uni\704\Project github\704Babes\Project_1\COMPSYS704_Lab_3\lib\sjrt-v2.1-37-g7941c30-SNAPSHOT-base.jar;D:\uni\704\Project github\704Babes\Project_1\COMPSYS704_Lab_3\lib\sjrt-v2.1-37-g7941c30-SNAPSHOT-desktop.jar;D:\uni\704\Project github\704Babes\Project_1\COMPSYS704_Lab_3\lib\sysjnetapi-SNAPSHOT-e1801c7.jar
Launcher Type: SUN_STANDARD

[Global flags]
     intx CICompilerCount                          = 4                                         {product} {ergonomic}
     uint ConcGCThreads                            = 3                                         {product} {ergonomic}
     uint G1ConcRefinementThreads                  = 10                                        {product} {ergonomic}
   size_t G1HeapRegionSize                         = 2097152                                   {product} {ergonomic}
    uintx GCDrainStackTargetSize                   = 64                                        {product} {ergonomic}
   size_t InitialHeapSize                          = 266338304                                 {product} {ergonomic}
   size_t MarkStackSize                            = 4194304                                   {product} {ergonomic}
   size_t MaxHeapSize                              = 4255121408                                {product} {ergonomic}
   size_t MinHeapDeltaBytes                        = 2097152                                   {product} {ergonomic}
   size_t MinHeapSize                              = 8388608                                   {product} {ergonomic}
    uintx NonNMethodCodeHeapSize                   = 5839372                                {pd product} {ergonomic}
    uintx NonProfiledCodeHeapSize                  = 122909434                              {pd product} {ergonomic}
    uintx ProfiledCodeHeapSize                     = 122909434                              {pd product} {ergonomic}
    uintx ReservedCodeCacheSize                    = 251658240                              {pd product} {ergonomic}
     bool SegmentedCodeCache                       = true                                      {product} {ergonomic}
     bool ShowCodeDetailsInExceptionMessages       = true                                   {manageable} {command line}
   size_t SoftMaxHeapSize                          = 4255121408                             {manageable} {ergonomic}
     bool UseCompressedClassPointers               = true                           {product lp64_product} {ergonomic}
     bool UseCompressedOops                        = true                           {product lp64_product} {ergonomic}
     bool UseG1GC                                  = true                                      {product} {ergonomic}
     bool UseLargePagesIndividualAllocation        = false                                  {pd product} {ergonomic}

Logging:
Log output configuration:
 #0: stdout all=warning uptime,level,tags
 #1: stderr all=off uptime,level,tags

Environment Variables:
PATH=D:/uni/704/eclipse//plugins/org.eclipse.justj.openjdk.hotspot.jre.full.win32.x86_64_17.0.7.v20230425-1502/jre/bin/server;D:/uni/704/eclipse//plugins/org.eclipse.justj.openjdk.hotspot.jre.full.win32.x86_64_17.0.7.v20230425-1502/jre/bin;C:\Program Files\Common Files\Oracle\Java\javapath;C:\Program Files (x86)\Common Files\Intel\Shared Libraries\redist\intel64\compiler;C:\Program Files (x86)\Common Files\Oracle\Java\javapath;C:\Program Files (x86)\Razer Chroma SDK\bin;C:\Program Files\Razer Chroma SDK\bin;C:\Program Files (x86)\Razer\ChromaBroadcast\bin;C:\Program Files\Razer\ChromaBroadcast\bin;C:\Windows\system32;C:\Windows;C:\Windows\System32\Wbem;C:\Windows\System32\WindowsPowerShell\v1.0\;C:\Windows\System32\OpenSSH\;C:\Program Files\Intel\WiFi\bin\;C:\Program Files\Common Files\Intel\WirelessCommon\;D:\Violet Liu\MATLAB\bin;C:\WINDOWS\system32;C:\WINDOWS;C:\WINDOWS\System32\Wbem;C:\WINDOWS\System32\WindowsPowerShell\v1.0\;C:\WINDOWS\System32\OpenSSH\;C:\WINDOWS\system32\config\systemprofile\AppData\Local\Microsoft\WindowsApps;C:\Program Files\MATLAB\R2021a\bin;C:\Program Files\dotnet\;C:\Program Files\Microsoft SQL Server\Client SDK\ODBC\170\Tools\Binn\;D:\uni\Matlab\bin;D:\uni\PuTTY\;D:\uni\304\ass3\cygwin\bin;C:\Program Files\Microsoft SQL Server\130\Tools\Binn\;D:\uni\Pico-Tools\bin;C:\Program Files (x86)\GNU Arm Embedded Toolchain\10 2021.10\bin;C:\Program Files\CMake\bin;D:\uni\Pico-Tools\MinGW\bin;C:\Program Files\Git\cmd;C:\Program Files\nodejs\;C:\Program Files (x86)\Common Files\Pleora\eBUS SDK;C:\Program Files\Common Files\Pleora\eBUS SDK;C:\Program Files (x86)\GNU Arm Embedded Toolchain\10 2021.10\bin;C:\Program Files\Java\jdk-11.0.12\bin;C:\Users\Violet Liu\AppData\Local\Microsoft\WindowsApps;C:\Users\Violet Liu\AppData\Local\GitHubDesktop\bin;C:\Users\Violet Liu\AppData\Local\Microsoft\WindowsApps;C:\altera\13.0\modelsim_ase\win32aloem;C:\Users\Violet Liu\.dotnet\tools;C:\Users\Violet Liu\AppData\Local\Programs\Microsoft VS Code\bin;D:\uni\723\qiar
USERNAME=Violet Liu
OS=Windows_NT
PROCESSOR_IDENTIFIER=Intel64 Family 6 Model 158 Stepping 10, GenuineIntel
TMP=C:\Users\VIOLET~1\AppData\Local\Temp
TEMP=C:\Users\VIOLET~1\AppData\Local\Temp



---------------  S Y S T E M  ---------------

OS:
 Windows 10 , 64 bit Build 19041 (10.0.19041.3155)
OS uptime: 1 days 7:25 hours

CPU: total 12 (initial active 12) (6 cores per cpu, 2 threads per core) family 6 model 158 stepping 10 microcode 0xb4, cx8, cmov, fxsr, ht, mmx, 3dnowpref, sse, sse2, sse3, ssse3, sse4.1, sse4.2, popcnt, lzcnt, tsc, tscinvbit, avx, avx2, aes, erms, clmul, bmi1, bmi2, adx, fma, vzeroupper, clflush, clflushopt

Memory: 4k page, system-wide physical 16229M (3053M free)
TotalPageFile size 25440M (AvailPageFile size 177M)
current process WorkingSet (physical memory assigned to process): 10M, peak: 10M
current process commit charge ("private bytes"): 64M, peak: 318M

vm_info: OpenJDK 64-Bit Server VM (17.0.7+7) for windows-amd64 JRE (17.0.7+7), built on Apr 18 2023 22:10:42 by "temurin" with MS VC++ 16.7 (VS2019)

END.
